<?xml version="1.0" encoding="UTF-8"?>
<!-- Generated by org.testng.reporters.JUnitReportReporter -->
<testsuite skipped="0" hostname="DESKTOP-SSNKPGG" name="org.projecttoolstation.homePageTesting" tests="5" failures="0" timestamp="03 Sep 2022 08:46:06 GMT" time="81.421" errors="0">
  <testcase name="testcase4" time="12.633" classname="org.projecttoolstation.homePageTesting"/>
  <testcase name="testcase1" time="9.169" classname="org.projecttoolstation.homePageTesting"/>
  <testcase name="popupFunctionalityTest1" time="7.106" classname="org.projecttoolstation.homePageTesting"/>
  <testcase name="testCase2" time="39.351" classname="org.projecttoolstation.homePageTesting"/>
  <testcase name="testcase3" time="13.162" classname="org.projecttoolstation.homePageTesting"/>
</testsuite> <!-- org.projecttoolstation.homePageTesting -->
