<?xml version="1.0" encoding="UTF-8"?>
<!-- Generated by org.testng.reporters.JUnitReportReporter -->
<testsuite skipped="0" hostname="DESKTOP-SSNKPGG" name="org.projecttoolstation.TestingSingInSinario" tests="4" failures="0" timestamp="21 Sep 2022 12:54:30 GMT" time="74.667" errors="0">
  <testcase name="testCase2" time="29.172" classname="org.projecttoolstation.TestingSingInSinario"/>
  <testcase name="testCase4" time="10.450" classname="org.projecttoolstation.TestingSingInSinario"/>
  <testcase name="testCase3" time="7.963" classname="org.projecttoolstation.TestingSingInSinario"/>
  <testcase name="testCase1" time="27.082" classname="org.projecttoolstation.TestingSingInSinario"/>
</testsuite> <!-- org.projecttoolstation.TestingSingInSinario -->
