<?xml version="1.0" encoding="UTF-8"?>
<!-- Generated by org.testng.reporters.JUnitReportReporter -->
<testsuite skipped="1" hostname="DESKTOP-SSNKPGG" name="org.projecttoolstation.SearchBoxFunctionality" tests="5" failures="0" timestamp="01 Sep 2022 08:43:28 GMT" time="217.651" errors="0">
  <testcase name="testCase1" time="46.626" classname="org.projecttoolstation.SearchBoxFunctionality"/>
  <testcase name="testCase1" time="41.686" classname="org.projecttoolstation.SearchBoxFunctionality"/>
  <testcase name="testCase1" time="40.848" classname="org.projecttoolstation.SearchBoxFunctionality"/>
  <testcase name="testCase1" time="46.172" classname="org.projecttoolstation.SearchBoxFunctionality"/>
  <testcase name="testCase1" time="42.319" classname="org.projecttoolstation.SearchBoxFunctionality">
    <skipped/>
  </testcase> <!-- testCase1 -->
</testsuite> <!-- org.projecttoolstation.SearchBoxFunctionality -->
