<?xml version="1.0" encoding="UTF-8"?>
<!-- Generated by org.testng.reporters.JUnitReportReporter -->
<testsuite skipped="1" hostname="DESKTOP-SSNKPGG" name="org.projecttoolstation.SearchBoxFunctionality" tests="5" failures="0" timestamp="01 Sep 2022 07:10:44 GMT" time="86.097" errors="0">
  <testcase name="testCase1" time="16.685" classname="org.projecttoolstation.SearchBoxFunctionality"/>
  <testcase name="testCase1" time="16.524" classname="org.projecttoolstation.SearchBoxFunctionality"/>
  <testcase name="testCase1" time="17.762" classname="org.projecttoolstation.SearchBoxFunctionality">
    <skipped/>
  </testcase> <!-- testCase1 -->
  <testcase name="testCase1" time="16.992" classname="org.projecttoolstation.SearchBoxFunctionality"/>
  <testcase name="testCase1" time="18.134" classname="org.projecttoolstation.SearchBoxFunctionality"/>
</testsuite> <!-- org.projecttoolstation.SearchBoxFunctionality -->
