<?xml version="1.0" encoding="UTF-8"?>
<!-- Generated by org.testng.reporters.JUnitReportReporter -->
<testsuite skipped="0" hostname="DESKTOP-SSNKPGG" name="org.projecttoolstation.homePageTesting" tests="5" failures="0" timestamp="30 Aug 2022 09:43:19 GMT" time="56.459" errors="0">
  <testcase name="testCase2" time="7.691" classname="org.projecttoolstation.homePageTesting"/>
  <testcase name="testcase1" time="13.293" classname="org.projecttoolstation.homePageTesting"/>
  <testcase name="testcase3" time="13.685" classname="org.projecttoolstation.homePageTesting"/>
  <testcase name="popupFunctionalityTest1" time="5.599" classname="org.projecttoolstation.homePageTesting"/>
  <testcase name="testcase4" time="16.191" classname="org.projecttoolstation.homePageTesting"/>
</testsuite> <!-- org.projecttoolstation.homePageTesting -->
