<?xml version="1.0" encoding="UTF-8"?>
<!-- Generated by org.testng.reporters.JUnitReportReporter -->
<testsuite skipped="0" hostname="DESKTOP-SSNKPGG" name="org.projecttoolstation.Trolleyfunctionality" tests="1" failures="0" timestamp="31 Aug 2022 12:58:39 GMT" time="66.325" errors="0">
  <testcase name="testCase1" time="66.325" classname="org.projecttoolstation.Trolleyfunctionality"/>
</testsuite> <!-- org.projecttoolstation.Trolleyfunctionality -->
