<?xml version="1.0" encoding="UTF-8"?>
<!-- Generated by org.testng.reporters.JUnitReportReporter -->
<testsuite skipped="0" hostname="DESKTOP-SSNKPGG" name="org.projecttoolstation.TesingSignInFunctionality" tests="5" failures="0" timestamp="28 Aug 2022 09:36:10 GMT" time="139.822" errors="0">
  <testcase name="testCase1" time="17.966" classname="org.projecttoolstation.TesingSignInFunctionality"/>
  <testcase name="popupFunctionalityTest1" time="33.096" classname="org.projecttoolstation.TesingSignInFunctionality"/>
  <testcase name="testCase1" time="27.893" classname="org.projecttoolstation.TesingSignInFunctionality"/>
  <testcase name="testCase1" time="38.824" classname="org.projecttoolstation.TesingSignInFunctionality"/>
  <testcase name="testCase1" time="22.043" classname="org.projecttoolstation.TesingSignInFunctionality"/>
</testsuite> <!-- org.projecttoolstation.TesingSignInFunctionality -->
