<?xml version="1.0" encoding="UTF-8"?>
<!-- Generated by org.testng.reporters.JUnitReportReporter -->
<testsuite skipped="0" hostname="DESKTOP-SSNKPGG" name="org.projecttoolstation.Trolleyfunctionality" tests="1" failures="0" timestamp="02 Sep 2022 10:39:02 GMT" time="47.222" errors="0">
  <testcase name="testCase1" time="47.222" classname="org.projecttoolstation.Trolleyfunctionality"/>
</testsuite> <!-- org.projecttoolstation.Trolleyfunctionality -->
