<?xml version="1.0" encoding="UTF-8"?>
<!-- Generated by org.testng.reporters.JUnitReportReporter -->
<testsuite skipped="0" hostname="DESKTOP-SSNKPGG" name="org.projecttoolstation.TestingSingInSinario" tests="4" failures="0" timestamp="16 Sep 2022 02:50:09 GMT" time="51.421" errors="0">
  <testcase name="testCase2" time="18.903" classname="org.projecttoolstation.TestingSingInSinario"/>
  <testcase name="testCase4" time="6.725" classname="org.projecttoolstation.TestingSingInSinario"/>
  <testcase name="testCase3" time="8.730" classname="org.projecttoolstation.TestingSingInSinario"/>
  <testcase name="testCase1" time="17.063" classname="org.projecttoolstation.TestingSingInSinario"/>
</testsuite> <!-- org.projecttoolstation.TestingSingInSinario -->
