<?xml version="1.0" encoding="UTF-8"?>
<!-- Generated by org.testng.reporters.JUnitReportReporter -->
<testsuite skipped="0" hostname="DESKTOP-SSNKPGG" name="org.projecttoolstation.homePageTesting" tests="5" failures="0" timestamp="21 Sep 2022 12:54:30 GMT" time="122.808" errors="0">
  <testcase name="testcase4" time="9.142" classname="org.projecttoolstation.homePageTesting"/>
  <testcase name="testcase1" time="13.046" classname="org.projecttoolstation.homePageTesting"/>
  <testcase name="popupFunctionalityTest1" time="27.162" classname="org.projecttoolstation.homePageTesting"/>
  <testcase name="testCase2" time="54.611" classname="org.projecttoolstation.homePageTesting"/>
  <testcase name="testcase3" time="18.847" classname="org.projecttoolstation.homePageTesting"/>
</testsuite> <!-- org.projecttoolstation.homePageTesting -->
