<?xml version="1.0" encoding="UTF-8"?>
<!-- Generated by org.testng.reporters.JUnitReportReporter -->
<testsuite skipped="0" hostname="DESKTOP-SSNKPGG" name="org.projecttoolstation.signUpFunctionality" tests="1" failures="0" timestamp="01 Sep 2022 08:43:27 GMT" time="20.016" errors="0">
  <testcase name="testCase1" time="20.016" classname="org.projecttoolstation.signUpFunctionality"/>
</testsuite> <!-- org.projecttoolstation.signUpFunctionality -->
