<?xml version="1.0" encoding="UTF-8"?>
<!-- Generated by org.testng.reporters.JUnitReportReporter -->
<testsuite skipped="0" hostname="DESKTOP-SSNKPGG" name="org.projecttoolstation.TestingSingInSinario" tests="4" failures="0" timestamp="01 Sep 2022 08:43:28 GMT" time="69.313" errors="0">
  <testcase name="testCase4" time="12.428" classname="org.projecttoolstation.TestingSingInSinario"/>
  <testcase name="testCase2" time="27.775" classname="org.projecttoolstation.TestingSingInSinario"/>
  <testcase name="testCase3" time="13.550" classname="org.projecttoolstation.TestingSingInSinario"/>
  <testcase name="testCase1" time="15.560" classname="org.projecttoolstation.TestingSingInSinario"/>
</testsuite> <!-- org.projecttoolstation.TestingSingInSinario -->
