<?xml version="1.0" encoding="UTF-8"?>
<!-- Generated by org.testng.reporters.JUnitReportReporter -->
<testsuite skipped="1" hostname="DESKTOP-SSNKPGG" name="org.projecttoolstation.SearchBoxFunctionality" tests="5" failures="0" timestamp="21 Sep 2022 12:54:30 GMT" time="164.799" errors="0">
  <testcase name="testCase1" time="34.489" classname="org.projecttoolstation.SearchBoxFunctionality"/>
  <testcase name="testCase1" time="41.637" classname="org.projecttoolstation.SearchBoxFunctionality"/>
  <testcase name="testCase1" time="28.504" classname="org.projecttoolstation.SearchBoxFunctionality"/>
  <testcase name="testCase1" time="19.977" classname="org.projecttoolstation.SearchBoxFunctionality">
    <skipped/>
  </testcase> <!-- testCase1 -->
  <testcase name="testCase1" time="40.192" classname="org.projecttoolstation.SearchBoxFunctionality"/>
</testsuite> <!-- org.projecttoolstation.SearchBoxFunctionality -->
