<?xml version="1.0" encoding="UTF-8"?>
<!-- Generated by org.testng.reporters.JUnitReportReporter -->
<testsuite skipped="0" hostname="DESKTOP-SSNKPGG" name="org.projecttoolstation.TestingSingInSinario" tests="4" failures="0" timestamp="30 Aug 2022 09:43:19 GMT" time="49.946" errors="0">
  <testcase name="testCase1" time="23.196" classname="org.projecttoolstation.TestingSingInSinario"/>
  <testcase name="testCase4" time="6.490" classname="org.projecttoolstation.TestingSingInSinario"/>
  <testcase name="testCase3" time="5.663" classname="org.projecttoolstation.TestingSingInSinario"/>
  <testcase name="testCase2" time="14.597" classname="org.projecttoolstation.TestingSingInSinario"/>
</testsuite> <!-- org.projecttoolstation.TestingSingInSinario -->
