<?xml version="1.0" encoding="UTF-8"?>
<!-- Generated by org.testng.reporters.JUnitReportReporter -->
<testsuite skipped="0" hostname="DESKTOP-SSNKPGG" name="org.projecttoolstation.signUpFunctionality" tests="1" failures="0" timestamp="31 Aug 2022 12:58:38 GMT" time="30.679" errors="0">
  <testcase name="testCase1" time="30.679" classname="org.projecttoolstation.signUpFunctionality"/>
</testsuite> <!-- org.projecttoolstation.signUpFunctionality -->
