<?xml version="1.0" encoding="UTF-8"?>
<!-- Generated by org.testng.reporters.JUnitReportReporter -->
<testsuite skipped="0" hostname="DESKTOP-SSNKPGG" name="org.projecttoolstation.forgotPasswordFuntionality" tests="1" failures="0" timestamp="01 Sep 2022 08:43:28 GMT" time="44.767" errors="0">
  <testcase name="testCase1" time="44.767" classname="org.projecttoolstation.forgotPasswordFuntionality"/>
</testsuite> <!-- org.projecttoolstation.forgotPasswordFuntionality -->
