<?xml version="1.0" encoding="UTF-8"?>
<!-- Generated by org.testng.reporters.JUnitReportReporter -->
<testsuite skipped="0" hostname="DESKTOP-SSNKPGG" name="org.projecttoolstation.homePageTesting" tests="5" failures="0" timestamp="02 Sep 2022 10:39:02 GMT" time="112.270" errors="0">
  <testcase name="testcase4" time="19.973" classname="org.projecttoolstation.homePageTesting"/>
  <testcase name="testcase1" time="10.264" classname="org.projecttoolstation.homePageTesting"/>
  <testcase name="popupFunctionalityTest1" time="19.665" classname="org.projecttoolstation.homePageTesting"/>
  <testcase name="testCase2" time="39.155" classname="org.projecttoolstation.homePageTesting"/>
  <testcase name="testcase3" time="23.213" classname="org.projecttoolstation.homePageTesting"/>
</testsuite> <!-- org.projecttoolstation.homePageTesting -->
