<?xml version="1.0" encoding="UTF-8"?>
<!-- Generated by org.testng.reporters.JUnitReportReporter -->
<testsuite skipped="0" hostname="DESKTOP-SSNKPGG" name="org.projecttoolstation.forgotPasswordFuntionality" tests="1" failures="0" timestamp="02 Sep 2022 10:39:03 GMT" time="13.467" errors="0">
  <testcase name="testCase1" time="13.467" classname="org.projecttoolstation.forgotPasswordFuntionality"/>
</testsuite> <!-- org.projecttoolstation.forgotPasswordFuntionality -->
