<?xml version="1.0" encoding="UTF-8"?>
<!-- Generated by org.testng.reporters.JUnitReportReporter -->
<testsuite skipped="0" hostname="DESKTOP-SSNKPGG" name="org.projecttoolstation.signUpFunctionality" tests="1" failures="0" timestamp="21 Sep 2022 12:54:30 GMT" time="33.474" errors="0">
  <testcase name="testCase1" time="33.474" classname="org.projecttoolstation.signUpFunctionality"/>
</testsuite> <!-- org.projecttoolstation.signUpFunctionality -->
