<?xml version="1.0" encoding="UTF-8"?>
<!-- Generated by org.testng.reporters.JUnitReportReporter -->
<testsuite skipped="0" hostname="DESKTOP-SSNKPGG" name="org.projecttoolstation.homePageTesting" tests="5" failures="0" timestamp="01 Sep 2022 08:43:28 GMT" time="108.255" errors="0">
  <testcase name="testcase1" time="14.561" classname="org.projecttoolstation.homePageTesting"/>
  <testcase name="popupFunctionalityTest1" time="14.410" classname="org.projecttoolstation.homePageTesting"/>
  <testcase name="testcase3" time="35.207" classname="org.projecttoolstation.homePageTesting"/>
  <testcase name="testcase4" time="33.258" classname="org.projecttoolstation.homePageTesting"/>
  <testcase name="testCase2" time="10.819" classname="org.projecttoolstation.homePageTesting"/>
</testsuite> <!-- org.projecttoolstation.homePageTesting -->
