<?xml version="1.0" encoding="UTF-8"?>
<!-- Generated by org.testng.reporters.JUnitReportReporter -->
<testsuite skipped="0" hostname="DESKTOP-SSNKPGG" name="org.projecttoolstation.TestingSingInSinario" tests="4" failures="0" timestamp="31 Aug 2022 12:58:38 GMT" time="74.727" errors="0">
  <testcase name="testCase2" time="32.373" classname="org.projecttoolstation.TestingSingInSinario"/>
  <testcase name="testCase3" time="11.580" classname="org.projecttoolstation.TestingSingInSinario"/>
  <testcase name="testCase1" time="13.902" classname="org.projecttoolstation.TestingSingInSinario"/>
  <testcase name="testCase4" time="16.872" classname="org.projecttoolstation.TestingSingInSinario"/>
</testsuite> <!-- org.projecttoolstation.TestingSingInSinario -->
