<?xml version="1.0" encoding="UTF-8"?>
<!-- Generated by org.testng.reporters.JUnitReportReporter -->
<testsuite skipped="0" hostname="DESKTOP-SSNKPGG" name="org.projecttoolstation.SearchBoxFunctionality" tests="4" failures="0" timestamp="02 Sep 2022 10:39:02 GMT" time="75.069" errors="0">
  <testcase name="testCase1" time="18.342" classname="org.projecttoolstation.SearchBoxFunctionality"/>
  <testcase name="testCase1" time="21.481" classname="org.projecttoolstation.SearchBoxFunctionality"/>
  <testcase name="testCase1" time="18.008" classname="org.projecttoolstation.SearchBoxFunctionality"/>
  <testcase name="testCase1" time="17.238" classname="org.projecttoolstation.SearchBoxFunctionality"/>
</testsuite> <!-- org.projecttoolstation.SearchBoxFunctionality -->
