<?xml version="1.0" encoding="UTF-8"?>
<!-- Generated by org.testng.reporters.JUnitReportReporter -->
<testsuite skipped="0" hostname="DESKTOP-SSNKPGG" name="org.projecttoolstation.homePageTesting" tests="5" failures="0" timestamp="16 Sep 2022 02:50:09 GMT" time="154.295" errors="0">
  <testcase name="testcase4" time="32.283" classname="org.projecttoolstation.homePageTesting"/>
  <testcase name="testcase1" time="13.547" classname="org.projecttoolstation.homePageTesting"/>
  <testcase name="popupFunctionalityTest1" time="31.127" classname="org.projecttoolstation.homePageTesting"/>
  <testcase name="testCase2" time="47.144" classname="org.projecttoolstation.homePageTesting"/>
  <testcase name="testcase3" time="30.194" classname="org.projecttoolstation.homePageTesting"/>
</testsuite> <!-- org.projecttoolstation.homePageTesting -->
