<?xml version="1.0" encoding="UTF-8"?>
<!-- Generated by org.testng.reporters.JUnitReportReporter -->
<testsuite skipped="0" hostname="DESKTOP-SSNKPGG" name="org.projecttoolstation.SearchBoxFunctionality" tests="4" failures="0" timestamp="16 Sep 2022 02:50:09 GMT" time="81.222" errors="0">
  <testcase name="testCase1" time="21.780" classname="org.projecttoolstation.SearchBoxFunctionality"/>
  <testcase name="testCase1" time="18.102" classname="org.projecttoolstation.SearchBoxFunctionality"/>
  <testcase name="testCase1" time="20.828" classname="org.projecttoolstation.SearchBoxFunctionality"/>
  <testcase name="testCase1" time="20.512" classname="org.projecttoolstation.SearchBoxFunctionality"/>
</testsuite> <!-- org.projecttoolstation.SearchBoxFunctionality -->
