<?xml version="1.0" encoding="UTF-8"?>
<!-- Generated by org.testng.reporters.JUnitReportReporter -->
<testsuite skipped="0" hostname="DESKTOP-SSNKPGG" name="org.projecttoolstation.SearchBoxFunctionality" tests="4" failures="0" timestamp="30 Aug 2022 09:43:19 GMT" time="91.231" errors="0">
  <testcase name="testCase1" time="28.413" classname="org.projecttoolstation.SearchBoxFunctionality"/>
  <testcase name="testCase1" time="18.155" classname="org.projecttoolstation.SearchBoxFunctionality"/>
  <testcase name="testCase1" time="20.008" classname="org.projecttoolstation.SearchBoxFunctionality"/>
  <testcase name="testCase1" time="24.655" classname="org.projecttoolstation.SearchBoxFunctionality"/>
</testsuite> <!-- org.projecttoolstation.SearchBoxFunctionality -->
