<?xml version="1.0" encoding="UTF-8"?>
<!-- Generated by org.testng.reporters.JUnitReportReporter -->
<testsuite skipped="0" hostname="DESKTOP-SSNKPGG" name="org.projecttoolstation.TestingSingInSinario" tests="4" failures="0" timestamp="02 Sep 2022 10:39:02 GMT" time="42.726" errors="0">
  <testcase name="testCase3" time="7.231" classname="org.projecttoolstation.TestingSingInSinario"/>
  <testcase name="testCase1" time="13.051" classname="org.projecttoolstation.TestingSingInSinario"/>
  <testcase name="testCase4" time="6.306" classname="org.projecttoolstation.TestingSingInSinario"/>
  <testcase name="testCase2" time="16.138" classname="org.projecttoolstation.TestingSingInSinario"/>
</testsuite> <!-- org.projecttoolstation.TestingSingInSinario -->
