<?xml version="1.0" encoding="UTF-8"?>
<!-- Generated by org.testng.reporters.JUnitReportReporter -->
<testsuite skipped="0" hostname="DESKTOP-SSNKPGG" name="org.projecttoolstation.TestingSingInSinario" tests="4" failures="0" timestamp="01 Sep 2022 07:10:44 GMT" time="36.529" errors="0">
  <testcase name="testCase3" time="6.882" classname="org.projecttoolstation.TestingSingInSinario"/>
  <testcase name="testCase1" time="12.102" classname="org.projecttoolstation.TestingSingInSinario"/>
  <testcase name="testCase4" time="5.686" classname="org.projecttoolstation.TestingSingInSinario"/>
  <testcase name="testCase2" time="11.859" classname="org.projecttoolstation.TestingSingInSinario"/>
</testsuite> <!-- org.projecttoolstation.TestingSingInSinario -->
