<?xml version="1.0" encoding="UTF-8"?>
<!-- Generated by org.testng.reporters.JUnitReportReporter -->
<testsuite skipped="0" hostname="DESKTOP-SSNKPGG" name="org.projecttoolstation.SearchBoxFunctionality" tests="4" failures="0" timestamp="31 Aug 2022 12:58:39 GMT" time="126.953" errors="0">
  <testcase name="testCase1" time="26.546" classname="org.projecttoolstation.SearchBoxFunctionality"/>
  <testcase name="testCase1" time="53.742" classname="org.projecttoolstation.SearchBoxFunctionality"/>
  <testcase name="testCase1" time="26.635" classname="org.projecttoolstation.SearchBoxFunctionality"/>
  <testcase name="testCase1" time="20.030" classname="org.projecttoolstation.SearchBoxFunctionality"/>
</testsuite> <!-- org.projecttoolstation.SearchBoxFunctionality -->
