<?xml version="1.0" encoding="UTF-8"?>
<!-- Generated by org.testng.reporters.JUnitReportReporter -->
<testsuite skipped="0" hostname="DESKTOP-SSNKPGG" name="org.projecttoolstation.homePageTesting" tests="5" failures="0" timestamp="01 Sep 2022 07:10:44 GMT" time="101.593" errors="0">
  <testcase name="testcase4" time="23.066" classname="org.projecttoolstation.homePageTesting"/>
  <testcase name="testcase1" time="12.420" classname="org.projecttoolstation.homePageTesting"/>
  <testcase name="popupFunctionalityTest1" time="13.750" classname="org.projecttoolstation.homePageTesting"/>
  <testcase name="testCase2" time="26.727" classname="org.projecttoolstation.homePageTesting"/>
  <testcase name="testcase3" time="25.630" classname="org.projecttoolstation.homePageTesting"/>
</testsuite> <!-- org.projecttoolstation.homePageTesting -->
