<?xml version="1.0" encoding="UTF-8"?>
<!-- Generated by org.testng.reporters.JUnitReportReporter -->
<testsuite skipped="0" hostname="DESKTOP-SSNKPGG" name="org.projecttoolstation.forgotPasswordFuntionality" tests="1" failures="0" timestamp="01 Sep 2022 07:10:44 GMT" time="14.066" errors="0">
  <testcase name="testCase1" time="14.066" classname="org.projecttoolstation.forgotPasswordFuntionality"/>
</testsuite> <!-- org.projecttoolstation.forgotPasswordFuntionality -->
