<?xml version="1.0" encoding="UTF-8"?>
<!-- Generated by org.testng.reporters.JUnitReportReporter -->
<testsuite skipped="0" hostname="DESKTOP-SSNKPGG" name="org.projecttoolstation.forgotPasswordFuntionality" tests="1" failures="0" timestamp="30 Aug 2022 09:43:19 GMT" time="15.493" errors="0">
  <testcase name="testCase1" time="15.493" classname="org.projecttoolstation.forgotPasswordFuntionality"/>
</testsuite> <!-- org.projecttoolstation.forgotPasswordFuntionality -->
