<?xml version="1.0" encoding="UTF-8"?>
<!-- Generated by org.testng.reporters.JUnitReportReporter -->
<testsuite skipped="0" hostname="DESKTOP-SSNKPGG" name="org.projecttoolstation.signUpFunctionality" tests="1" failures="0" timestamp="02 Sep 2022 10:39:01 GMT" time="22.738" errors="0">
  <testcase name="testCase1" time="22.738" classname="org.projecttoolstation.signUpFunctionality"/>
</testsuite> <!-- org.projecttoolstation.signUpFunctionality -->
