<?xml version="1.0" encoding="UTF-8"?>
<!-- Generated by org.testng.reporters.JUnitReportReporter -->
<testsuite skipped="0" hostname="DESKTOP-SSNKPGG" name="org.projecttoolstation.Trolleyfunctionality" tests="1" failures="0" timestamp="01 Sep 2022 08:43:28 GMT" time="144.526" errors="0">
  <testcase name="testCase1" time="144.526" classname="org.projecttoolstation.Trolleyfunctionality"/>
</testsuite> <!-- org.projecttoolstation.Trolleyfunctionality -->
