<?xml version="1.0" encoding="UTF-8"?>
<!-- Generated by org.testng.reporters.JUnitReportReporter -->
<testsuite skipped="0" hostname="DESKTOP-SSNKPGG" name="org.projecttoolstation.Trolleyfunctionality" tests="1" failures="0" timestamp="16 Sep 2022 02:50:09 GMT" time="79.856" errors="0">
  <testcase name="testCase1" time="79.856" classname="org.projecttoolstation.Trolleyfunctionality"/>
</testsuite> <!-- org.projecttoolstation.Trolleyfunctionality -->
