<?xml version="1.0" encoding="UTF-8"?>
<!-- Generated by org.testng.reporters.JUnitReportReporter -->
<testsuite skipped="0" hostname="DESKTOP-SSNKPGG" name="org.projecttoolstation.homePageTesting" tests="5" failures="0" timestamp="31 Aug 2022 12:58:39 GMT" time="127.189" errors="0">
  <testcase name="testcase3" time="17.894" classname="org.projecttoolstation.homePageTesting"/>
  <testcase name="testcase4" time="47.529" classname="org.projecttoolstation.homePageTesting"/>
  <testcase name="testCase2" time="25.517" classname="org.projecttoolstation.homePageTesting"/>
  <testcase name="popupFunctionalityTest1" time="10.176" classname="org.projecttoolstation.homePageTesting"/>
  <testcase name="testcase1" time="26.073" classname="org.projecttoolstation.homePageTesting"/>
</testsuite> <!-- org.projecttoolstation.homePageTesting -->
