<?xml version="1.0" encoding="UTF-8"?>
<!-- Generated by org.testng.reporters.JUnitReportReporter -->
<testsuite skipped="0" hostname="DESKTOP-SSNKPGG" name="org.projecttoolstation.SearchBoxFunctionality" tests="4" failures="0" timestamp="03 Sep 2022 08:46:06 GMT" time="133.543" errors="0">
  <testcase name="testCase1" time="25.145" classname="org.projecttoolstation.SearchBoxFunctionality"/>
  <testcase name="testCase1" time="33.578" classname="org.projecttoolstation.SearchBoxFunctionality"/>
  <testcase name="testCase1" time="42.956" classname="org.projecttoolstation.SearchBoxFunctionality"/>
  <testcase name="testCase1" time="31.864" classname="org.projecttoolstation.SearchBoxFunctionality"/>
</testsuite> <!-- org.projecttoolstation.SearchBoxFunctionality -->
