<?xml version="1.0" encoding="UTF-8"?>
<!-- Generated by org.testng.reporters.JUnitReportReporter -->
<testsuite skipped="0" hostname="DESKTOP-SSNKPGG" name="org.projecttoolstation.TestingSingInSinario" tests="4" failures="0" timestamp="03 Sep 2022 08:46:06 GMT" time="57.229" errors="0">
  <testcase name="testCase2" time="17.153" classname="org.projecttoolstation.TestingSingInSinario"/>
  <testcase name="testCase4" time="11.979" classname="org.projecttoolstation.TestingSingInSinario"/>
  <testcase name="testCase3" time="14.854" classname="org.projecttoolstation.TestingSingInSinario"/>
  <testcase name="testCase1" time="13.243" classname="org.projecttoolstation.TestingSingInSinario"/>
</testsuite> <!-- org.projecttoolstation.TestingSingInSinario -->
