<?xml version="1.0" encoding="UTF-8"?>
<!-- Generated by org.testng.reporters.JUnitReportReporter -->
<testsuite skipped="0" hostname="DESKTOP-SSNKPGG" name="org.testngg.Testing" tests="2" failures="0" timestamp="24 Aug 2022 13:50:33 GMT" time="0.038" errors="0">
  <testcase name="tc1" time="0.038" classname="org.testngg.Testing"/>
  <testcase name="tc2" time="0.000" classname="org.testngg.Testing"/>
</testsuite> <!-- org.testngg.Testing -->
